<?xml version="1.0" encoding="UTF-8"?>
<!-- Generated by org.testng.reporters.JUnitReportReporter -->
<testsuite hostname="DESKTOP-ON9MR60" failures="0" tests="8" name="pageObjectTest.loginFactoryTest" time="32.801" errors="0" timestamp="2022-04-16T17:55:41 PDT" skipped="0">
  <testcase classname="pageObjectTest.loginFactoryTest" name="loginTestFactory_correctLogin_loggedToApp2" time="6.047"/>
  <system-out/>
  <testcase classname="pageObjectTest.loginFactoryTest" name="loginTestFactory_incorrectLogin_loggedToApp" time="3.417"/>
  <system-out/>
  <testcase classname="pageObjectTest.loginFactoryTest" name="loginTestFactory_correctLogin_loggedToApp3" time="5.743"/>
  <system-out/>
  <testcase classname="pageObjectTest.loginFactoryTest" name="loginTestFactory_correctLogin_loggedToApp1" time="2.153"/>
  <system-out/>
  <testcase classname="pageObjectTest.loginFactoryTest" name="loginTestFactory_incorrectLogin_loggedToApp3" time="2.572"/>
  <system-out/>
  <testcase classname="pageObjectTest.loginFactoryTest" name="loginTestFactory_incorrectLogin_loggedToApp1" time="2.786"/>
  <system-out/>
  <testcase classname="pageObjectTest.loginFactoryTest" name="loginTestFactory_correctLogin_loggedToApp" time="2.033"/>
  <system-out/>
  <testcase classname="pageObjectTest.loginFactoryTest" name="loginTestFactory_incorrectLogin_loggedToApp2" time="8.050"/>
  <system-out/>
</testsuite> <!-- pageObjectTest.loginFactoryTest -->
