<?xml version="1.0" encoding="UTF-8"?>
<!-- Generated by org.testng.reporters.JUnitReportReporter -->
<testsuite hostname="DESKTOP-ON9MR60" failures="0" tests="8" name="pageObjectTest.LoginTest" time="30.382" errors="0" timestamp="2022-04-16T17:55:41 PDT" skipped="0">
  <testcase classname="pageObjectTest.LoginTest" name="loginTest_IncorrectCredentials_errorRedFrame1" time="2.616"/>
  <system-out/>
  <testcase classname="pageObjectTest.LoginTest" name="loginTest_correctCredentials_loggedToApp3" time="1.852"/>
  <system-out/>
  <testcase classname="pageObjectTest.LoginTest" name="loginTest_IncorrectCredentials_errorRedFrame3" time="2.204"/>
  <system-out/>
  <testcase classname="pageObjectTest.LoginTest" name="loginTest_correctCredentials_loggedToApp2" time="2.015"/>
  <system-out/>
  <testcase classname="pageObjectTest.LoginTest" name="loginTest_IncorrectCredentials_errorRedFrame2" time="2.013"/>
  <system-out/>
  <testcase classname="pageObjectTest.LoginTest" name="loginTest_correctCredentials_loggedToApp1" time="2.484"/>
  <system-out/>
  <testcase classname="pageObjectTest.LoginTest" name="loginTest_correctCredentials_loggedToApp" time="5.551"/>
  <system-out/>
  <testcase classname="pageObjectTest.LoginTest" name="loginTest_IncorrectCredentials_errorRedFrame" time="11.647"/>
  <system-out/>
</testsuite> <!-- pageObjectTest.LoginTest -->
