<?xml version="1.0" encoding="UTF-8"?>
<!-- Generated by org.testng.reporters.JUnitReportReporter -->
<testsuite hostname="DESKTOP-ON9MR60" failures="0" tests="12" name="pageObjectTest.PlayListTest" time="64.320" errors="0" timestamp="2022-04-16T17:55:41 PDT" skipped="0">
  <testcase classname="pageObjectTest.PlayListTest" name="playlistTest_renamePlaylist_PlaylistRenaimed" time="5.158"/>
  <system-out/>
  <testcase classname="pageObjectTest.PlayListTest" name="addSongToPlaylist_chooseSong_songSuccessefulyAdded" time="4.985"/>
  <system-out/>
  <testcase classname="pageObjectTest.PlayListTest" name="playlistTest_renamePlaylist_PlaylistRenaimed1" time="4.673"/>
  <system-out/>
  <testcase classname="pageObjectTest.PlayListTest" name="playList_createPlaylist_playlistCreated" time="3.087"/>
  <system-out/>
  <testcase classname="pageObjectTest.PlayListTest" name="playList_createPlaylist_playlistCreated2" time="4.123"/>
  <system-out/>
  <testcase classname="pageObjectTest.PlayListTest" name="playlistTest_renamePlaylist_PlaylistRenaimed2" time="5.216"/>
  <system-out/>
  <testcase classname="pageObjectTest.PlayListTest" name="addSongToPlaylist_chooseSong_songSuccessefulyAdded1" time="4.347"/>
  <system-out/>
  <testcase classname="pageObjectTest.PlayListTest" name="playList_createPlaylist_playlistCreated1" time="13.229"/>
  <system-out/>
  <testcase classname="pageObjectTest.PlayListTest" name="addSongToPlaylist_chooseSong_songSuccessefulyAdded2" time="8.390"/>
  <system-out/>
  <testcase classname="pageObjectTest.PlayListTest" name="playList_createPlaylist_playlistCreated3" time="3.155"/>
  <system-out/>
  <testcase classname="pageObjectTest.PlayListTest" name="addSongToPlaylist_chooseSong_songSuccessefulyAdded3" time="3.918"/>
  <system-out/>
  <testcase classname="pageObjectTest.PlayListTest" name="playlistTest_renamePlaylist_PlaylistRenaimed3" time="4.039"/>
  <system-out/>
</testsuite> <!-- pageObjectTest.PlayListTest -->
